📰 *HCNews* Edição 1550 🗞
🇧🇷 De Araucária Paraná 
📅 Domingo, 04 de janeiro de 2026
⏳ Dia 4/365 ░░░░░░░░░░░░░░░░ 1%
📖 Tempo total de leitura: ~1 min

📰 opopularpr.com.br:
- Ex-namorado é o suspeito de feminicídio em apartamento no Capela Velha. Delegado já pediu sua prisão
    https://opopularpr.com.br/ex-namorado-e-o-suspeito-de-feminicidio-em-apartamento-no-capela-velha-delegado-ja-pediu-sua-prisao/
- Mulher é encontrada morta dentro de apartamento no Capela Velha
    https://opopularpr.com.br/mulher-e-encontrada-morta-dentro-de-apartamento-no-capela-velha/

📰 plantao190.com.br:
- Colisão entre carro e caminhão deixa motorista morto na BR-373
    https://plantao190.com.br/colisao-entre-carro-e-caminhao-deixa-motorista-morto-na-br-373/
- IAT restringe visitas ao Pico Paraná para ajudar nas buscas de jovem desaparecido
    https://plantao190.com.br/iat-restringe-visitas-ao-pico-parana-para-ajudar-nas-buscas-de-jovem-desaparecido/
- Bombeiros orientam como prevenir e o que fazer em caso de queimaduras por água-viva
    https://plantao190.com.br/bombeiros-orientam-como-prevenir-e-o-que-fazer-em-caso-de-queimaduras-por-agua-viva/
- Homem é morto a tiros após colisão durante fuga no bairro Ipê, em São José dos Pinhais
    https://plantao190.com.br/homem-e-morto-a-tiros-apos-colisao-durante-fuga-no-bairro-ipe-em-sao-jose-dos-pinhais/
- Extremos nas temperaturas e tornados: 2025 registrou dados meteorológicos históricos no Paraná
    https://plantao190.com.br/extremos-nas-temperaturas-e-tornados-2025-registrou-dados-meteorologicos-historicos-no-parana/
- Ruas no Cajuru serão interditadas para obras de pavimentação do BRT Leste/Oeste
    https://plantao190.com.br/ruas-no-cajuru-serao-interditadas-para-obras-de-pavimentacao-do-brt-leste-oeste/
- Buscas por jovem no Pico Paraná entram no quarto dia com reforço de equipes e voluntários
    https://plantao190.com.br/buscas-por-jovem-no-pico-parana-entram-no-quarto-dia-com-reforco-de-equipes-e-voluntarios/

📰 xvcuritiba.com.br:
- Lista de falecimentos em Curitiba – 04/01/2026
    https://xvcuritiba.com.br/lista-de-falecimentos-em-curitiba-04-01-2026/
- Gleisi rebate Ratinho Jr. e diz que oposição tenta se aproveitar da crise venezuelana
    https://xvcuritiba.com.br/gleisi-rebate-ratinho-jr-e-diz-que-oposicao-tenta-se-aproveitar-da-crise-venezuelana/
- Apresentador do Balanço Geral Curitiba divulga pedido de desculpas após áudio vazado
    https://xvcuritiba.com.br/apresentador-do-balanco-geral-curitiba-divulga-pedido-de-desculpas-apos-audio-vazado/
- “Não é comemoração vazia, é esperança”, diz venezuelano que mora em Curitiba há oito anos
    https://xvcuritiba.com.br/nao-e-comemoracao-vazia-e-esperanca-diz-venezuelano-que-mora-em-curitiba-ha-oito-anos/
- Venezuelanos se reúnem no Centro de Curitiba após anúncio da prisão de Nicolás Maduro
    https://xvcuritiba.com.br/venezuelanos-se-reunem-no-centro-de-curitiba-apos-anuncio-da-prisao-de-nicolas-maduro/
- UFPR publica nota sobre a Venezuela e recebe críticas nos comentários
    https://xvcuritiba.com.br/ufpr-publica-nota-sobre-a-venezuela-e-recebe-criticas-nos-comentarios/
- Nota oficial da UFPR sobre ações dos EUA na Venezuela reafirma apoio a soluções diplomáticas e proteção a estudantes venezuelanos
    https://xvcuritiba.com.br/nota-oficial-da-ufpr-sobre-acoes-dos-eua-na-venezuela-reafirma-apoio-a-solucoes-diplomaticas-e-protecao-a-estudantes-venezuelanos/
- Prefeitura conquista Selo Ouro em transparência pública e é avaliada como ‘ótima’ no Índice da Transparência Internacional Brasil
    https://xvcuritiba.com.br/prefeitura-conquista-selo-ouro-em-transparencia-publica-e-e-avaliada-como-otima-no-indice-da-transparencia-internacional-brasil/
- Athletico estreia na Copinha 2026 contra Osasco Sporting em Araçatuba, confira detalhes da viagem, transmissão e histórico do Furacão
    https://xvcuritiba.com.br/athletico-estreia-na-copinha-2026-contra-osasco-sporting-em-aracatuba-confira-detalhes-da-viagem-transmissao-e-historico-do-furacao/
- Suspeita de bomba é descartada e Terminal do Portão volta a operar normalmente
    https://xvcuritiba.com.br/suspeita-de-bomba-e-descartada-e-terminal-do-portao-volta-a-operar-normalmente/

🔔 *HCNews:* Seu Jornal Automático Diário
- 📡 Stack: RSS • Bash • Python • Nix
- 🔗 https://github.com/herijooj/HCnews
🙌 *Que Deus abençoe a todos!*

🤖 20:27:31 (BRT) ⏱️ 0.161s
