📰 *HCNews* Edição 1573 🗞
🇧🇷 De Araucária Paraná 
📅 Terça-feira, 27 de janeiro de 2026
⏳ Dia 27/365 █░░░░░░░░░░░░░░░ 7%
📖 Tempo total de leitura: ~3 min
🌔 Quarto Crescente

📅 *Hoje é:*
- 🎤 Dia do Orador
- 🖼️ Dia Internacional do Conservador-Restaurador
- 🕯️ Dia Internacional em Memória das Vítimas do Holocausto

🙏 *Santos do dia*:
😇 S. Ângela Mérici, virgem, fundadora das Ursulinas
- Santa Ângela Mérici viveu no século XVI e entrou para a história por sua visão emancipada da vida consagrada feminina. A Companhia de Santa Úrsula (Ursulinas), que fundou em 1535, em Brescia, foi a primeira Congregação secular feminina da Igreja. É celebrada em 27 de janeiro.  
😇 S. Vitaliano, papa
- Como Papa, de 657 a 672, esforçou-se para resolver os conflitos entre a Igreja de Roma e a do Oriente e para restabelecer o diálogo com o imperador, sem êxito algum. Deu novo impulso ao cristianismo britânico com a nomeação de novos Bispos. Foi sepultado na antiga basílica de San Pietro.  

📅 *Hoje na História* (27/01)
- *945*: Coimperadores Estêvão e Constantino são depostos. Constantino VII torna-se o único imperador do Império Romano Oriental (Bizantino).
- *1695*: Mustafa II torna-se sultão otomano e califa do Islã em Istambul com a morte de Amade II. Mustafa governa até sua abdicação em 1703.
- *1924*: Três dias após sua morte, o corpo de Lenin é levado para um mausoléu especialmente construído.
_Fonte: Wikipedia_

📈 *Cotação do Dia:*
- *Dólar*: Compra `R$ 5.27` · Venda `R$ 5.27`
- *Euro*: Compra `R$ 6.27` · Venda `R$ 6.27`

💎 *Criptomoedas*
- BTC  : R$ `468.26K` ⬆️ `1.74`%
- DOGE : R$ `0.64` ⬆️ `1.16`%
- ETH  : R$ `15.5K` ⬆️ `3.11`%
- SOL  : R$ `656.81` ⬆️ `2.32`%
_Fonte: Banco Central do Brasil · Atualizado: 01:07:20_

⚽ *Futebol*

📅 Ontem (26/01)

- Nenhum jogo encontrado

📅 Hoje (27/01)

- Nenhum jogo encontrado

🤝 *Quer contribuir com o HCNEWS?*
- ✨ https://github.com/herijooj/HCnews

🎵 *Top 10 Músicas*:
- 1. `JETSKI - PEDRO SAMPAIO, MC Meno K & Melody`
- 2. `P do Pecado (Ao Vivo) - Grupo Menos É Mais & Simone Mendes`
- 3. `The Fate of Ophelia - Taylor Swift`
- 4. `Aperture - Harry Styles`
- 5. `Posso Até Não Te Dar Flores (feat. DJ DAVI DOGDOG) - DJ Japa NK, MC Meno K, MC Ryan SP & Mc Jacaré`
- 6. `SEQUÊNCIA FEITICEIRA (feat. MC Nito) - PEDRO SAMPAIO, Mc Gw, Mc Jhey & MC Rodrigo do CN`
- 7. `Pela Última Vez (Ao Vivo) - Grupo Menos É Mais & Nattan`
- 8. `GOSTOSIN - Anitta, Felipe Amorim & HITMAKER`
- 9. `Coração Partido (Corazón Partío) [Ao Vivo] - Grupo Menos É Mais`
- 10. `Stateside (with Zara Larsson) - PinkPantheress`
_Fonte: Apple Music_

🌦️ *Clima em Curitiba:*
- ☁️ Nublado
- 🌡️ `18` °C
- ↗️ Máx: `19` °C  ↘️ Mín: `17` °C
- Sensação: `19` °C  💧 `89` %
- 🌅 `05:49`  🌇 `19:10`
- 🌬️ Ar: 🟢 Bom (PM2.5: `2.4` μg/m³)

🗓️ *Próximos Dias:*
- *Qua:* 🌤️ `16` °→ `30` °C  💧 `70` %
- *Qui:* 🌤️ `16` °→ `30` °C  💧 `79` %
- *Sex:* ☁️ `16` °→ `20` °C  💧 `92` %
_Fonte: OpenWeatherMap · Atualizado: 01:07:20_

🌎 *Sismos 4.5+ (últimas 24h)*
- M5.7 — 19 km SSW of Ponorogo, Indonesia (01:20 UTC)
- M5.7 — west of Macquarie Island (06:07 UTC)
- M5.6 — 37 km SSW of Mendi, Papua New Guinea (17:06 UTC)
- M5.5 — 9 km ESE of Dianga, China (06:56 UTC)
- M5.4 — Kermadec Islands, New Zealand (11:25 UTC)
_Fonte: USGS · Atualizado: 01:07:20_

📚 *Você sabia?*
- após o coronel T. E. Lawrence (conhecido como Lawrence da Arábia) sofrer um traumatismo craniano no acidente que causou sua morte, o neurocirurgião Hugh Cairns realizou estudos que contribuíram para a adoção do capacete por motociclistas militares e civis?
_Fonte: Wikipedia_

🎲 *Palpites do Jogo do Bicho:*
- 🦩 1 Avestruz | 🦅 6 Águia
- 🦋 14 Borboleta | 🐶 17 Cachorro
- 🐑 25 Carneiro
🔟 Dezena: 19 24 43 68 99
💯 Centena: 078 202 595 788 867
🏆 Milhar: 0723 2971 5532 6864 8373

🍀 *Boa sorte!*

🤖 *Quer ser um HCseguidor?*
- 🌐 https://herijooj.github.io/HCnews/
- 📢 https://whatsapp.com/channel/0029VaCRDb6FSAszqoID6k2Y
- 💬 https://bit.ly/m/HCNews

🎉 *Emoji do dia:*
- 🫳 E14.0 palm down hand

📰 plantao190.com.br:
- Primeiras entregas de mudas de árvores de 2026 começam no dia 27 de janeiro; veja onde pegar a sua
    https://plantao190.com.br/primeiras-entregas-de-mudas-de-arvores-de-2026-comecam-no-dia-27-de-janeiro-veja-onde-pegar-a-sua/
- PCPR prende homem por receptação e localiza 1 tonelada de cabos de telefonia
    https://plantao190.com.br/pcpr-prende-homem-por-receptacao-e-localiza-1-tonelada-de-cabos-de-telefonia/
- Resgate com Arcanjo 01 salva recém-nascido em parada cardiorrespiratória no Litoral
    https://plantao190.com.br/resgate-com-arcanjo-01-salva-recem-nascido-em-parada-cardiorrespiratoria-no-litoral/
- Rua na Cidade Industrial de Curitiba terá alteração de sentido a partir desta terça-feira
    https://plantao190.com.br/rua-na-cidade-industrial-de-curitiba-tera-alteracao-de-sentido-a-partir-desta-terca-feira/
- Grupo de Operações com Cães realiza prisão por tráfico de drogas e apreende diversas substâncias ilícitas
    https://plantao190.com.br/grupo-de-operacoes-com-caes-realiza-prisao-por-trafico-de-drogas-e-apreende-diversas-substancias-ilicitas/
- Ruas do Boqueirão serão bloqueadas para obras de drenagem
    https://plantao190.com.br/ruas-do-boqueirao-serao-bloqueadas-para-obras-de-drenagem/
- Homem é rendido e assaltado após marcar encontro pela internet, no Paraná
    https://plantao190.com.br/homem-e-rendido-e-assaltado-apos-marcar-encontro-pela-internet-no-parana/
- PCPR apreende 2,5 toneladas de drogas em área rural
    https://plantao190.com.br/pcpr-apreende-25-toneladas-de-drogas-em-area-rural/
- Bicicleta com motor a combustão é considerado veículo artesanal e precisa de vistoria, emplacamento e CNH
    https://plantao190.com.br/bicicleta-com-motor-a-combustao-e-considerado-veiculo-artesanal-e-precisa-de-vistoria-emplacamento-e-cnh/
- PMPR intensifica fiscalização com drones nas rodovias de acesso ao Litoral
    https://plantao190.com.br/pmpr-intensifica-fiscalizacao-com-drones-nas-rodovias-de-acesso-ao-litoral/

🔔 *HCNews:* Seu Jornal Automático Diário
- 📡 Stack: RSS • Bash • Python • Nix
- 🔗 https://github.com/herijooj/HCnews
🙌 *Que Deus abençoe a todos!*

🤖 01:07:20 (BRT) ⏱️ 11.603s
