📰 *HCNews* Edição 1592 🗞
🇧🇷 De Araucária Paraná 
📅 Domingo, 15 de fevereiro de 2026
⏳ Dia 46/365 █░░░░░░░░░░░░░░░ 12%
📖 Tempo total de leitura: ~7 min

🔮 *Horóscopo do dia*

♈ *Áries*
*Contatos:*
- Taí um domingão feito sob encomenda para interagir nas redes, marcar encontros e curtir mil agitos com a galera, bebê! A Lua muda de cenário, turbina sua vida social e garante que vai ter enxurrada de notificação e convite no celular, tanto que você pode até ficar em dúvida sobre qual baladinha escolher.
*Saúde e bem-estar:*
- O melhor é que não vai faltar resistência física para se jogar na folia. Saturno e Netuno seguem ao seu lado e formam aspecto positivo com a Lua, sinal de um período pontuado por ótimas energias na saúde.
*Amor:*
- Prepara o coração porque vai ter crush disputando sua atenção nos rolês. Se está de olho em alguém, os caminhos vão se abrir para você realizar seus sonhos de amor.

♉ *Touro*
*Saúde:*
- Olha lá, meu cristalzinho, se espera novidades e boas notícias, pode se animar porque hoje a Lua promete tudo isso e muito mais. Sua vitalidade fica nas alturas, a saúde tá blindada e você terá disposição de sobra para fazer o que tem vontade.
*Sucesso:*
- O dia já começa positivo para cuidar dos seus interesses e ideias inspiradas podem surgir. Corre logo atrás do que precisa dar conta, assim sobra mais tempo para curtir as delícias que o domingão de Carnaval deve reservar.
*Amor:*
- Hoje você vai ganhar mais visibilidade e tende a marcar presença na pista, atraindo contatinhos e até admiradores secretos. Pode pintar uma química poderosa com um crush que é alvo de muita paquera. Romance mais envolvente.

♊ *Gêmeos*
*Relacionamentos:*
- Domingou com d” de diversão e os astros prometem um dia todo trabalhado na aventura. Você terá mil planos e deve chover convite para sair, difícil será decidir qual rolê pode agradar mais. Contatos e conversas com pessoas diferentes e de outras cidades devem semear amizades especiais.
*Bem-estar:*
- Não pense duas vezes para dar um chega pra lá na rotina, conhecer lugares novos, viajar e fazer o que sempre teve vontade, ainda mais se vai emendar o feriadão. Tudo isso ajudará a elevar sua vitalidade e blindar sua saúde.
*Amor:*
- Hoje os contatinhos vão fervilhar e encontros com a galera podem ser palcos de surpresas incríveis. Há possibilidade de engatar um romance com alguém que combina em tudo com você.

♋ *Câncer*
*Dinheiro:*
- É Carnaval e os astros apontam transformações, mas também despejam boas vibes e anunciam um período propício para você lucrar, bebê! Seus talentos e habilidades ficam tinindo e vai ser mais fácil chegar aonde quer. Conquistas podem ser alcançadas e suas ideias inspiradas vão contribuir para o dindim vir parar na sua mão.
*Bem-estar:*
- Hoje você estará às voltas com vários interesses e precisará de energia extra para cuidar de todos os assuntos, mas se investir em bons hábitos, evitar excessos e caprichar no cardápio, vai revigorar suas forças.
*Amor:*
- Seu lado sensuelen estará mais empoderado neste domingão e você pode despertar desejos intensos, inclusive em alguém que chama atenção e todas querem pegar. A dois, clima ardente com o love.

♌ *Leão*
*Contatos e relacionamentos:*
- Divar é com o seu signo e hoje você vai marcar presença onde estiver, leãozinho! A Lua muda de cenário e fecha parceria com vários astros, anunciando um dia perfeito para socializar e se relacionar. Você vai se dar bem com todo mundo e será uma companhia disputada.
*Bem-estar:*
- Quer reforçar a energia para ferver no bloquinho? Capriche na alimentação! Aposte em proteínas magras, banana, maçã, grãos nutritivos e bebidas estimulantes naturais. Não esqueça de levar a garrafinha de água.
*Amor:*
- Tudo indica que você vai nadar de braçadas no mar de oportunidades das paqueras. Agora, se está a fim de alguém, chegou a hora de dar um passo mais sério com o crush. Romance blindado e protegido .

♍ *Virgem*
*Finanças:*
- Se depender do céu, notícias positivas podem chegar logo no começo da manhã e devem influenciar diretamente seus interesses materiais. A Lua sorri para Saturno e Netuno, abrindo os caminhos para você lucrar e faturar, ainda mais se for à luta e ouvir sua intuição. Procure se guiar pelos seus instintos ao lidar com dinheiro e fazer negociações.
*Saúde:*
- Domingão de folia exige energia extra , hidratação e comidinha saudável. A dica para manter ou elevar o pique é apostar numa alimentação mais balanceada, leve e equilibrada para aguentar o tranco. Cuide bem de você e lembrese que seu corpo é seu templo.
*Paixão:*
- Prepara porque hoje pode pintar atração forte e sedução com alguém que encontra sempre. Astral mais quente e vibrante no romance.

♎ *Libra*
*Bem-estar:*
- Seu domingo tem tudo para ser perfeito, librinha, e quem avisa é a Lua, que passa a brilhar em seu paraíso e fica em sintonia com vários astros . Hoje as coisas vão fluir com muita facilidade e o dia será top para aproveitar a vida.
*Sorte e contatos:*
- Oportunidades de lazer e diversão devem surgir aos montes e o melhor é que, com seu carisma em alta, você vai atrair companhias e amizades num estalar de dedos. De quebra, a sorte tá de plantão e há chance de ganhar algo em jogos, apostas e loterias.
*Amor:*
- Se está a fim de paquera, opção não vai faltar! Ambientes festivos, rolês e baladinhas serão ideais para encontrar um novo love. O crush dos sonhos pode estar mais perto do que imagina.

♏ *Escorpião*
*Família:*
- Agito e ferveção nem sempre agradam seu signo e hoje seu lado caseiro deve ficar mais evidente, bebê! A família será seu porto seguro e o desejo de curtir momentos gostosos com os parentes tende a falar mais alto do que a vontade de bater perna por aí.
*Bem-estar:*
- A Lua muda de cenário , troca likes com os astros e promete um dia harmonioso e tranquilo, do jeitinho que você gosta. Conversas com pessoas mais velhas podem ser úteis e trazer sábios conselhos. Saúde firme e forte.
*Amor:*
- Talvez não tenha tanto pique para sair e investir em novos contatinhos, mas nada impede de rolar um clima com alguém que você já conhece bem. A relação com o xodó deve ganhar mais cumplicidade e maturidade.

♐ *Sagitário*
*Contatos:*
- Se depender das estrelas, o domingão será dos mais movimentados e seu lado descontraído estará no comando, Sagita! O desejo de circular por aí deve aumentar e o dia será perfeito para jogar conversa fora com amigos, parentes, vizinhos e pessoas queridas.
*Bem-estar:*
- Com seu jeito animado e festeiro, vai ser difícil ficar em um lugar só por muito tempo. Agora, se quer dar um tempo na folia e esticar até uma cidade próxima , viagem rápida pode ser uma ótima pedida e deve renovar suas energias.
*Amor:*
- Seu carisma, comunicação e simpatia estarão ainda mais contagiantes e o clima vai ferver nos contatinhos. Os astros garantem que pode brotar uma paixão repentina e a paquera tende a virar conquista rapidinho.

♑ *Capricórnio*
*Finanças:*
- A Lua se despede do seu signo, ingressa em sua Casa da Fortuna e instiga seus sonhos de consumo, consagrada! O dia é de folga, mas a vontade de faturar pode falar mais alto e você não pensará duas vezes para trocar o descanso por trampo se tiver certeza que pode encher o cofrinho.
*Bem-estar:*
- Vá atrás dos seus interesses, mas reserve ao menos algumas horinhas do domingo para o seu próprio relax, afinal, ninguém é de ferro. Será bom fazer uma pausa para espairecer e se desligar dos corres.
*Amor:*
- Os astros revelam que pode pintar ficada ou rolinho de Carnaval, mas seu signo não é do tipo que curte amores passageiros e hoje, menos ainda. Vai querer romance estável e o mozão ao seu lado.

♒ *Aquário*
*Bem-estar:*
- Trago verdades e elas são para glorificar em pé, meu cristalzinho! A Lua desembarca em seu signo durante a madrugada e sorri para os astros, prometendo um dia topíssimo para cair na folia e ferver no bloquinho. Sua energia estará nas alturas!
*Contatos:*
- Pode esperar horas deliciosas em companhia das pessoas queridas e o período também será dos mais animados nos contatos com amigos e conhecidos. Sua popularidade vai bombar nas redes sociais e você vai brilhar em encontros presenciais.
*Amor:*
- Agora, é na paixão que as emoções mais intensas estão previstas e você tem tudo para encantar quem deseja. Um crush mais vivido e experiente pode cair de amores no primeiro papo. A dois, domingão divertido e cheio de harmonia com o love.

♓ *Peixes*
*Bem-estar:*
- A Lua muda de setor e ingressa no signo anterior ao seu , a boa notícia é que ela abre o dia em sintonia com os astros e mais vai ajudar do que atrapalhar. É hora de focar nos interesses da sua intimidade e do seu bemestar. Quanto mais sossego e tranquilidade, melhor vai se sentir.
*Dinheiro:*
- Hoje os astros também afiam sua intuição e garantem que você terá uma percepção muito apurada para lidar com dinheiro. Leve a sério seus instintos, pois pode se dar bem em negociações e ampliar os ganhos.
*Amor:*
- É Carnaval e os contatinhos ficam mais movimentados, mas se está a fim de alguém e quer conquistar, terá que se soltar mais. Empenhese para vencer a timidez e dê o primeiro passo, bebê!

🔔 *HCNews:* Seu Jornal Automático Diário
- 📡 Stack: RSS • Bash • Python • Nix
- 🔗 https://github.com/herijooj/HCnews
🙌 *Que Deus abençoe a todos!*

🤖 02:17:16 (BRT) ⏱️ 0.132s on runnervmjduv7
