📰 *HCNews* Edição 1564 🗞
🇧🇷 De Araucária Paraná 
📅 Domingo, 18 de janeiro de 2026
⏳ Dia 18/365 ░░░░░░░░░░░░░░░░ 4%
📖 Tempo total de leitura: ~1 min

🌦️ *Clima em Curitiba:*
- ☁️ Nublado
- 🌡️ `20` °C
- ↗️ Máx: `21` °C  ↘️ Mín: `19` °C
- Sensação: `20` °C  💧 `88` %
- 🌅 `05:42`  🌇 `19:12`
- 🌬️ Ar: 🟢 Bom (PM2.5: `2.4` μg/m³)

🗓️ *Próximos Dias:*
- *Seg:* 🌧️ `16` °→ `22` °C  💧 `89` %
- *Ter:* ☀️ `11` °→ `22` °C  💧 `73` %
- *Qua:* ☀️ `10` °→ `23` °C  💧 `71` %
_Fonte: OpenWeatherMap · Atualizado: 20:27:05_

🌦️ *Clima em São Paulo:*
- ☁️ Nublado
- 🌡️ `24` °C
- ↗️ Máx: `24` °C  ↘️ Mín: `23` °C
- Sensação: `24` °C  💧 `71` %
- 🌅 `05:35`  🌇 `18:58`
- 🌬️ Ar: 🟢 Bom (PM2.5: `2.4` μg/m³)

🗓️ *Próximos Dias:*
- *Seg:* 🌧️ `19` °→ `24` °C  💧 `85` %
- *Ter:* 🌧️ `16` °→ `19` °C  💧 `83` %
- *Qua:* 🌧️ `15` °→ `18` °C  💧 `80` %
_Fonte: OpenWeatherMap · Atualizado: 20:27:05_

🌦️ *Clima em Rio de Janeiro:*
- ☀️ Céu limpo
- 🌡️ `28` °C
- ↗️ Máx: `29` °C  ↘️ Mín: `27` °C
- Sensação: `30` °C  💧 `63` %
- 🌅 `05:22`  🌇 `18:43`
- 🌬️ Ar: 🟢 Bom (PM2.5: `2.4` μg/m³)

🗓️ *Próximos Dias:*
- *Seg:* ☁️ `24` °→ `30` °C  💧 `63` %
- *Ter:* 🌧️ `21` °→ `22` °C  💧 `91` %
- *Qua:* 🌧️ `21` °→ `23` °C  💧 `76` %
_Fonte: OpenWeatherMap · Atualizado: 20:27:05_

🌦️ *Clima em Londrina:*
- 🌤️ Algumas nuvens
- 🌡️ `24` °C
- ↗️ Máx: `24` °C  ↘️ Mín: `24` °C
- Sensação: `25` °C  💧 `78` %
- 🌅 `05:53`  🌇 `19:15`
- 🌬️ Ar: 🟢 Bom (PM2.5: `4.6` μg/m³)

🗓️ *Próximos Dias:*
- *Seg:* ☁️ `20` °→ `29` °C  💧 `75` %
- *Ter:* ☁️ `16` °→ `28` °C  💧 `68` %
- *Qua:* ☀️ `13` °→ `28` °C  💧 `59` %
_Fonte: OpenWeatherMap · Atualizado: 20:27:05_

🌦️ *Clima em Florianópolis:*
- ☁️ Nublado
- 🌡️ `21` °C
- ↗️ Máx: `22` °C  ↘️ Mín: `21` °C
- Sensação: `22` °C  💧 `97` %
- 🌅 `05:34`  🌇 `19:13`
- 🌬️ Ar: 🟢 Bom (PM2.5: `2.4` μg/m³)

🗓️ *Próximos Dias:*
- *Seg:* 🌧️ `21` °→ `29` °C  💧 `81` %
- *Ter:* ⛅ `17` °→ `24` °C  💧 `60` %
- *Qua:* ☁️ `20` °→ `24` °C  💧 `57` %
_Fonte: OpenWeatherMap · Atualizado: 20:27:05_

🔔 *HCNews:* Seu Jornal Automático Diário
- 📡 Stack: RSS • Bash • Python • Nix
- 🔗 https://github.com/herijooj/HCnews
🙌 *Que Deus abençoe a todos!*

🤖 20:27:05 (BRT) ⏱️ 0.155s
