📰 *HCNews* Edição 1565 🗞
🇧🇷 De Araucária Paraná 
📅 Segunda-feira, 19 de janeiro de 2026
⏳ Dia 19/365 ░░░░░░░░░░░░░░░░ 5%
📖 Tempo total de leitura: ~1 min

⚽ *Futebol*

📅 Ontem (18/01)

- Brasileirão Série A: ⚠️ falha ao buscar jogos
- Brasileirão Série B: ⚠️ falha ao buscar jogos
- Brasileirão Série C: ⚠️ falha ao buscar jogos
- Brasileirão Série D: ⚠️ falha ao buscar jogos
- Libertadores: ⚠️ falha ao buscar jogos
- Copa do Brasil: ⚠️ falha ao buscar jogos
- Copa do Nordeste: ⚠️ falha ao buscar jogos
- Copa Verde: ⚠️ falha ao buscar jogos
- Paulista: ⚠️ falha ao buscar jogos
- Carioca: ⚠️ falha ao buscar jogos
- Mineiro: ⚠️ falha ao buscar jogos
- Gaúcho: ⚠️ falha ao buscar jogos
- Paranaense: ⚠️ falha ao buscar jogos
- Catarinense: ⚠️ falha ao buscar jogos
- Goiano: ⚠️ falha ao buscar jogos
- Pernambucano: ⚠️ falha ao buscar jogos

📅 Hoje (19/01)

- Brasileirão Série A: ⚠️ falha ao buscar jogos
- Brasileirão Série B: ⚠️ falha ao buscar jogos
- Brasileirão Série C: ⚠️ falha ao buscar jogos
- Brasileirão Série D: ⚠️ falha ao buscar jogos
- Libertadores: ⚠️ falha ao buscar jogos
- Copa do Brasil: ⚠️ falha ao buscar jogos
- Copa do Nordeste: ⚠️ falha ao buscar jogos
- Copa Verde: ⚠️ falha ao buscar jogos
- Paulista: ⚠️ falha ao buscar jogos
- Carioca: ⚠️ falha ao buscar jogos
- Mineiro: ⚠️ falha ao buscar jogos
- Gaúcho: ⚠️ falha ao buscar jogos
- Paranaense: ⚠️ falha ao buscar jogos
- Catarinense: ⚠️ falha ao buscar jogos
- Goiano: ⚠️ falha ao buscar jogos
- Pernambucano: ⚠️ falha ao buscar jogos

🔔 *HCNews:* Seu Jornal Automático Diário
- 📡 Stack: RSS • Bash • Python • Nix
- 🔗 https://github.com/herijooj/HCnews
🙌 *Que Deus abençoe a todos!*

🤖 16:40:31 (BRT) ⏱️ 5.367s
